example/build/app/intermediates/manifest_merge_blame_file/debug/processDebugMainManifest/manifest-merger-blame-debug-report.txt
1<?xml version="1.0" encoding="utf-8"?>
2<manifest xmlns:android="http://schemas.android.com/apk/res/android"
3    package="io.flutter.plugins.googlemobileadsexample"
4    android:versionCode="1"
5    android:versionName="1.0" >
6
7    <uses-sdk
8        android:minSdkVersion="21"
9        android:targetSdkVersion="34" />
10
11    <uses-permission android:name="android.permission.INTERNET" />
11-->src/main/AndroidManifest.xml:4:5-66
11-->src/main/AndroidManifest.xml:4:22-64
12    <uses-permission android:name="android.permission.ACCESS_NETWORK_STATE" />
12-->[com.google.android.gms:play-services-ads-lite:23.6.0] AndroidManifest.xml:25:5-79
12-->[com.google.android.gms:play-services-ads-lite:23.6.0] AndroidManifest.xml:25:22-76
13    <uses-permission android:name="com.google.android.gms.permission.AD_ID" />
13-->[com.google.android.gms:play-services-ads-lite:23.6.0] AndroidManifest.xml:26:5-79
13-->[com.google.android.gms:play-services-ads-lite:23.6.0] AndroidManifest.xml:26:22-76
14    <uses-permission android:name="android.permission.ACCESS_ADSERVICES_AD_ID" />
14-->[com.google.android.gms:play-services-ads-lite:23.6.0] AndroidManifest.xml:27:5-82
14-->[com.google.android.gms:play-services-ads-lite:23.6.0] AndroidManifest.xml:27:22-79
15    <uses-permission android:name="android.permission.ACCESS_ADSERVICES_ATTRIBUTION" />
15-->[com.google.android.gms:play-services-ads-lite:23.6.0] AndroidManifest.xml:28:5-88
15-->[com.google.android.gms:play-services-ads-lite:23.6.0] AndroidManifest.xml:28:22-85
16    <uses-permission android:name="android.permission.ACCESS_ADSERVICES_TOPICS" /> <!-- Android package visibility setting -->
16-->[com.google.android.gms:play-services-ads-lite:23.6.0] AndroidManifest.xml:29:5-83
16-->[com.google.android.gms:play-services-ads-lite:23.6.0] AndroidManifest.xml:29:22-80
17    <queries>
17-->[com.google.android.gms:play-services-ads-lite:23.6.0] AndroidManifest.xml:35:5-68:15
18
19        <!-- For browser content -->
20        <intent>
20-->[com.google.android.gms:play-services-ads-lite:23.6.0] AndroidManifest.xml:38:9-44:18
21            <action android:name="android.intent.action.VIEW" />
21-->[com.google.android.gms:play-services-ads-lite:23.6.0] AndroidManifest.xml:39:13-65
21-->[com.google.android.gms:play-services-ads-lite:23.6.0] AndroidManifest.xml:39:21-62
22
23            <category android:name="android.intent.category.BROWSABLE" />
23-->[com.google.android.gms:play-services-ads-lite:23.6.0] AndroidManifest.xml:41:13-74
23-->[com.google.android.gms:play-services-ads-lite:23.6.0] AndroidManifest.xml:41:23-71
24
25            <data android:scheme="https" />
25-->[com.google.android.gms:play-services-ads-lite:23.6.0] AndroidManifest.xml:43:13-44
25-->[com.google.android.gms:play-services-ads-lite:23.6.0] AndroidManifest.xml:43:19-41
26        </intent>
27        <!-- End of browser content -->
28        <!-- For CustomTabsService -->
29        <intent>
29-->[com.google.android.gms:play-services-ads-lite:23.6.0] AndroidManifest.xml:47:9-49:18
30            <action android:name="android.support.customtabs.action.CustomTabsService" />
30-->[com.google.android.gms:play-services-ads-lite:23.6.0] AndroidManifest.xml:48:13-90
30-->[com.google.android.gms:play-services-ads-lite:23.6.0] AndroidManifest.xml:48:21-87
31        </intent>
32        <!-- End of CustomTabsService -->
33        <!-- For MRAID capabilities -->
34        <intent>
34-->[com.google.android.gms:play-services-ads-lite:23.6.0] AndroidManifest.xml:52:9-56:18
35            <action android:name="android.intent.action.INSERT" />
35-->[com.google.android.gms:play-services-ads-lite:23.6.0] AndroidManifest.xml:53:13-67
35-->[com.google.android.gms:play-services-ads-lite:23.6.0] AndroidManifest.xml:53:21-64
36
37            <data android:mimeType="vnd.android.cursor.dir/event" />
37-->[com.google.android.gms:play-services-ads-lite:23.6.0] AndroidManifest.xml:43:13-44
38        </intent>
39        <intent>
39-->[com.google.android.gms:play-services-ads-lite:23.6.0] AndroidManifest.xml:57:9-61:18
40            <action android:name="android.intent.action.VIEW" />
40-->[com.google.android.gms:play-services-ads-lite:23.6.0] AndroidManifest.xml:39:13-65
40-->[com.google.android.gms:play-services-ads-lite:23.6.0] AndroidManifest.xml:39:21-62
41
42            <data android:scheme="sms" />
42-->[com.google.android.gms:play-services-ads-lite:23.6.0] AndroidManifest.xml:43:13-44
42-->[com.google.android.gms:play-services-ads-lite:23.6.0] AndroidManifest.xml:43:19-41
43        </intent>
44        <intent>
44-->[com.google.android.gms:play-services-ads-lite:23.6.0] AndroidManifest.xml:62:9-66:18
45            <action android:name="android.intent.action.DIAL" />
45-->[com.google.android.gms:play-services-ads-lite:23.6.0] AndroidManifest.xml:63:13-65
45-->[com.google.android.gms:play-services-ads-lite:23.6.0] AndroidManifest.xml:63:21-62
46
47            <data android:path="tel:" />
47-->[com.google.android.gms:play-services-ads-lite:23.6.0] AndroidManifest.xml:43:13-44
48        </intent>
49        <!-- End of MRAID capabilities -->
50    </queries>
51
52    <uses-permission android:name="android.permission.WAKE_LOCK" />
52-->[com.google.android.gms:play-services-measurement-sdk-api:20.1.2] AndroidManifest.xml:25:5-68
52-->[com.google.android.gms:play-services-measurement-sdk-api:20.1.2] AndroidManifest.xml:25:22-65
53    <uses-permission android:name="android.permission.FOREGROUND_SERVICE" />
53-->[androidx.work:work-runtime:2.7.0] AndroidManifest.xml:28:5-77
53-->[androidx.work:work-runtime:2.7.0] AndroidManifest.xml:28:22-74
54
55    <permission
55-->[androidx.core:core:1.13.1] AndroidManifest.xml:22:5-24:47
56        android:name="io.flutter.plugins.googlemobileadsexample.DYNAMIC_RECEIVER_NOT_EXPORTED_PERMISSION"
56-->[androidx.core:core:1.13.1] AndroidManifest.xml:23:9-81
57        android:protectionLevel="signature" />
57-->[androidx.core:core:1.13.1] AndroidManifest.xml:24:9-44
58
59    <uses-permission android:name="io.flutter.plugins.googlemobileadsexample.DYNAMIC_RECEIVER_NOT_EXPORTED_PERMISSION" />
59-->[androidx.core:core:1.13.1] AndroidManifest.xml:26:5-97
59-->[androidx.core:core:1.13.1] AndroidManifest.xml:26:22-94
60
61    <application
62        android:name="android.app.Application"
62-->src/main/AndroidManifest.xml:6:18-51
63        android:appComponentFactory="androidx.core.app.CoreComponentFactory"
63-->[androidx.core:core:1.13.1] AndroidManifest.xml:28:18-86
64        android:debuggable="true"
65        android:extractNativeLibs="true"
66        android:icon="@mipmap/ic_launcher"
66-->src/main/AndroidManifest.xml:6:94-128
67        android:label="google_mobile_ads_example"
67-->src/main/AndroidManifest.xml:6:52-93
68        android:testOnly="true" >
69        <meta-data
69-->src/main/AndroidManifest.xml:7:9-9:69
70            android:name="com.google.android.gms.ads.APPLICATION_ID"
70-->src/main/AndroidManifest.xml:8:13-69
71            android:value="ca-app-pub-3940256099942544~3347511713" />
71-->src/main/AndroidManifest.xml:9:13-67
72
73        <activity
73-->src/main/AndroidManifest.xml:10:7-20:18
74            android:name="io.flutter.plugins.googlemobileadsexample.MainActivity"
74-->src/main/AndroidManifest.xml:10:17-86
75            android:configChanges="orientation|keyboardHidden|keyboard|screenSize|locale|layoutDirection|fontScale"
75-->src/main/AndroidManifest.xml:12:9-112
76            android:exported="true"
76-->src/main/AndroidManifest.xml:14:9-32
77            android:hardwareAccelerated="true"
77-->src/main/AndroidManifest.xml:13:9-43
78            android:theme="@android:style/Theme.Black.NoTitleBar"
78-->src/main/AndroidManifest.xml:11:9-62
79            android:windowSoftInputMode="adjustResize" >
79-->src/main/AndroidManifest.xml:15:9-51
80            <intent-filter>
80-->src/main/AndroidManifest.xml:16:9-19:25
81                <action android:name="android.intent.action.MAIN" />
81-->src/main/AndroidManifest.xml:17:11-62
81-->src/main/AndroidManifest.xml:17:19-60
82
83                <category android:name="android.intent.category.LAUNCHER" />
83-->src/main/AndroidManifest.xml:18:11-70
83-->src/main/AndroidManifest.xml:18:21-68
84            </intent-filter>
85        </activity>
86
87        <meta-data
87-->src/main/AndroidManifest.xml:21:7-69
88            android:name="flutterEmbedding"
88-->src/main/AndroidManifest.xml:21:18-49
89            android:value="2" />
89-->src/main/AndroidManifest.xml:21:50-67
90        <meta-data
90-->[:google_mobile_ads] AndroidManifest.xml:10:9-12:36
91            android:name="io.flutter.embedded_views_preview"
91-->[:google_mobile_ads] AndroidManifest.xml:11:13-61
92            android:value="true" /> <!-- Include the AdActivity and InAppPurchaseActivity configChanges and themes. -->
92-->[:google_mobile_ads] AndroidManifest.xml:12:13-33
93        <activity
93-->[com.google.android.gms:play-services-ads-lite:23.6.0] AndroidManifest.xml:73:9-78:43
94            android:name="com.google.android.gms.ads.AdActivity"
94-->[com.google.android.gms:play-services-ads-lite:23.6.0] AndroidManifest.xml:74:13-65
95            android:configChanges="keyboard|keyboardHidden|orientation|screenLayout|uiMode|screenSize|smallestScreenSize"
95-->[com.google.android.gms:play-services-ads-lite:23.6.0] AndroidManifest.xml:75:13-122
96            android:exported="false"
96-->[com.google.android.gms:play-services-ads-lite:23.6.0] AndroidManifest.xml:76:13-37
97            android:theme="@android:style/Theme.Translucent" />
97-->[com.google.android.gms:play-services-ads-lite:23.6.0] AndroidManifest.xml:77:13-61
98
99        <provider
99-->[com.google.android.gms:play-services-ads-lite:23.6.0] AndroidManifest.xml:80:9-85:43
100            android:name="com.google.android.gms.ads.MobileAdsInitProvider"
100-->[com.google.android.gms:play-services-ads-lite:23.6.0] AndroidManifest.xml:81:13-76
101            android:authorities="io.flutter.plugins.googlemobileadsexample.mobileadsinitprovider"
101-->[com.google.android.gms:play-services-ads-lite:23.6.0] AndroidManifest.xml:82:13-73
102            android:exported="false"
102-->[com.google.android.gms:play-services-ads-lite:23.6.0] AndroidManifest.xml:83:13-37
103            android:initOrder="100" />
103-->[com.google.android.gms:play-services-ads-lite:23.6.0] AndroidManifest.xml:84:13-36
104
105        <service
105-->[com.google.android.gms:play-services-ads-lite:23.6.0] AndroidManifest.xml:87:9-91:43
106            android:name="com.google.android.gms.ads.AdService"
106-->[com.google.android.gms:play-services-ads-lite:23.6.0] AndroidManifest.xml:88:13-64
107            android:enabled="true"
107-->[com.google.android.gms:play-services-ads-lite:23.6.0] AndroidManifest.xml:89:13-35
108            android:exported="false" />
108-->[com.google.android.gms:play-services-ads-lite:23.6.0] AndroidManifest.xml:90:13-37
109
110        <activity
110-->[com.google.android.gms:play-services-ads-lite:23.6.0] AndroidManifest.xml:93:9-97:43
111            android:name="com.google.android.gms.ads.OutOfContextTestingActivity"
111-->[com.google.android.gms:play-services-ads-lite:23.6.0] AndroidManifest.xml:94:13-82
112            android:configChanges="keyboard|keyboardHidden|orientation|screenLayout|uiMode|screenSize|smallestScreenSize"
112-->[com.google.android.gms:play-services-ads-lite:23.6.0] AndroidManifest.xml:95:13-122
113            android:exported="false" />
113-->[com.google.android.gms:play-services-ads-lite:23.6.0] AndroidManifest.xml:96:13-37
114        <activity
114-->[com.google.android.gms:play-services-ads-lite:23.6.0] AndroidManifest.xml:98:9-105:43
115            android:name="com.google.android.gms.ads.NotificationHandlerActivity"
115-->[com.google.android.gms:play-services-ads-lite:23.6.0] AndroidManifest.xml:99:13-82
116            android:excludeFromRecents="true"
116-->[com.google.android.gms:play-services-ads-lite:23.6.0] AndroidManifest.xml:100:13-46
117            android:exported="false"
117-->[com.google.android.gms:play-services-ads-lite:23.6.0] AndroidManifest.xml:101:13-37
118            android:launchMode="singleTask"
118-->[com.google.android.gms:play-services-ads-lite:23.6.0] AndroidManifest.xml:102:13-44
119            android:taskAffinity=""
119-->[com.google.android.gms:play-services-ads-lite:23.6.0] AndroidManifest.xml:103:13-36
120            android:theme="@android:style/Theme.Translucent.NoTitleBar" />
120-->[com.google.android.gms:play-services-ads-lite:23.6.0] AndroidManifest.xml:104:13-72
121
122        <property
122-->[com.google.android.gms:play-services-ads-lite:23.6.0] AndroidManifest.xml:107:9-109:62
123            android:name="android.adservices.AD_SERVICES_CONFIG"
123-->[com.google.android.gms:play-services-ads-lite:23.6.0] AndroidManifest.xml:108:13-65
124            android:resource="@xml/gma_ad_services_config" />
124-->[com.google.android.gms:play-services-ads-lite:23.6.0] AndroidManifest.xml:109:13-59
125
126        <activity
126-->[com.google.android.gms:play-services-base:18.0.0] AndroidManifest.xml:20:9-22:45
127            android:name="com.google.android.gms.common.api.GoogleApiActivity"
127-->[com.google.android.gms:play-services-base:18.0.0] AndroidManifest.xml:20:19-85
128            android:exported="false"
128-->[com.google.android.gms:play-services-base:18.0.0] AndroidManifest.xml:22:19-43
129            android:theme="@android:style/Theme.Translucent.NoTitleBar" />
129-->[com.google.android.gms:play-services-base:18.0.0] AndroidManifest.xml:21:19-78
130
131        <meta-data
131-->[com.google.android.gms:play-services-basement:18.4.0] AndroidManifest.xml:6:9-122
132            android:name="com.google.android.gms.version"
132-->[com.google.android.gms:play-services-basement:18.4.0] AndroidManifest.xml:6:20-65
133            android:value="@integer/google_play_services_version" />
133-->[com.google.android.gms:play-services-basement:18.4.0] AndroidManifest.xml:6:66-119
134
135        <uses-library
135-->[androidx.window:window:1.2.0] AndroidManifest.xml:23:9-25:40
136            android:name="androidx.window.extensions"
136-->[androidx.window:window:1.2.0] AndroidManifest.xml:24:13-54
137            android:required="false" />
137-->[androidx.window:window:1.2.0] AndroidManifest.xml:25:13-37
138        <uses-library
138-->[androidx.window:window:1.2.0] AndroidManifest.xml:26:9-28:40
139            android:name="androidx.window.sidecar"
139-->[androidx.window:window:1.2.0] AndroidManifest.xml:27:13-51
140            android:required="false" />
140-->[androidx.window:window:1.2.0] AndroidManifest.xml:28:13-37
141
142        <provider
142-->[androidx.work:work-runtime:2.7.0] AndroidManifest.xml:31:9-39:20
143            android:name="androidx.startup.InitializationProvider"
143-->[androidx.work:work-runtime:2.7.0] AndroidManifest.xml:32:13-67
144            android:authorities="io.flutter.plugins.googlemobileadsexample.androidx-startup"
144-->[androidx.work:work-runtime:2.7.0] AndroidManifest.xml:33:13-68
145            android:exported="false" >
145-->[androidx.work:work-runtime:2.7.0] AndroidManifest.xml:34:13-37
146            <meta-data
146-->[androidx.work:work-runtime:2.7.0] AndroidManifest.xml:36:13-38:52
147                android:name="androidx.work.WorkManagerInitializer"
147-->[androidx.work:work-runtime:2.7.0] AndroidManifest.xml:37:17-68
148                android:value="androidx.startup" />
148-->[androidx.work:work-runtime:2.7.0] AndroidManifest.xml:38:17-49
149            <meta-data
149-->[androidx.lifecycle:lifecycle-process:2.8.7] AndroidManifest.xml:29:13-31:52
150                android:name="androidx.lifecycle.ProcessLifecycleInitializer"
150-->[androidx.lifecycle:lifecycle-process:2.8.7] AndroidManifest.xml:30:17-78
151                android:value="androidx.startup" />
151-->[androidx.lifecycle:lifecycle-process:2.8.7] AndroidManifest.xml:31:17-49
152            <meta-data
152-->[androidx.profileinstaller:profileinstaller:1.4.0] AndroidManifest.xml:29:13-31:52
153                android:name="androidx.profileinstaller.ProfileInstallerInitializer"
153-->[androidx.profileinstaller:profileinstaller:1.4.0] AndroidManifest.xml:30:17-85
154                android:value="androidx.startup" />
154-->[androidx.profileinstaller:profileinstaller:1.4.0] AndroidManifest.xml:31:17-49
155        </provider>
156
157        <service
157-->[androidx.work:work-runtime:2.7.0] AndroidManifest.xml:41:9-46:35
158            android:name="androidx.work.impl.background.systemalarm.SystemAlarmService"
158-->[androidx.work:work-runtime:2.7.0] AndroidManifest.xml:42:13-88
159            android:directBootAware="false"
159-->[androidx.work:work-runtime:2.7.0] AndroidManifest.xml:43:13-44
160            android:enabled="@bool/enable_system_alarm_service_default"
160-->[androidx.work:work-runtime:2.7.0] AndroidManifest.xml:44:13-72
161            android:exported="false" />
161-->[androidx.work:work-runtime:2.7.0] AndroidManifest.xml:45:13-37
162        <service
162-->[androidx.work:work-runtime:2.7.0] AndroidManifest.xml:47:9-53:35
163            android:name="androidx.work.impl.background.systemjob.SystemJobService"
163-->[androidx.work:work-runtime:2.7.0] AndroidManifest.xml:48:13-84
164            android:directBootAware="false"
164-->[androidx.work:work-runtime:2.7.0] AndroidManifest.xml:49:13-44
165            android:enabled="@bool/enable_system_job_service_default"
165-->[androidx.work:work-runtime:2.7.0] AndroidManifest.xml:50:13-70
166            android:exported="true"
166-->[androidx.work:work-runtime:2.7.0] AndroidManifest.xml:51:13-36
167            android:permission="android.permission.BIND_JOB_SERVICE" />
167-->[androidx.work:work-runtime:2.7.0] AndroidManifest.xml:52:13-69
168        <service
168-->[androidx.work:work-runtime:2.7.0] AndroidManifest.xml:54:9-59:35
169            android:name="androidx.work.impl.foreground.SystemForegroundService"
169-->[androidx.work:work-runtime:2.7.0] AndroidManifest.xml:55:13-81
170            android:directBootAware="false"
170-->[androidx.work:work-runtime:2.7.0] AndroidManifest.xml:56:13-44
171            android:enabled="@bool/enable_system_foreground_service_default"
171-->[androidx.work:work-runtime:2.7.0] AndroidManifest.xml:57:13-77
172            android:exported="false" />
172-->[androidx.work:work-runtime:2.7.0] AndroidManifest.xml:58:13-37
173
174        <receiver
174-->[androidx.work:work-runtime:2.7.0] AndroidManifest.xml:61:9-66:35
175            android:name="androidx.work.impl.utils.ForceStopRunnable$BroadcastReceiver"
175-->[androidx.work:work-runtime:2.7.0] AndroidManifest.xml:62:13-88
176            android:directBootAware="false"
176-->[androidx.work:work-runtime:2.7.0] AndroidManifest.xml:63:13-44
177            android:enabled="true"
177-->[androidx.work:work-runtime:2.7.0] AndroidManifest.xml:64:13-35
178            android:exported="false" />
178-->[androidx.work:work-runtime:2.7.0] AndroidManifest.xml:65:13-37
179        <receiver
179-->[androidx.work:work-runtime:2.7.0] AndroidManifest.xml:67:9-77:20
180            android:name="androidx.work.impl.background.systemalarm.ConstraintProxy$BatteryChargingProxy"
180-->[androidx.work:work-runtime:2.7.0] AndroidManifest.xml:68:13-106
181            android:directBootAware="false"
181-->[androidx.work:work-runtime:2.7.0] AndroidManifest.xml:69:13-44
182            android:enabled="false"
182-->[androidx.work:work-runtime:2.7.0] AndroidManifest.xml:70:13-36
183            android:exported="false" >
183-->[androidx.work:work-runtime:2.7.0] AndroidManifest.xml:71:13-37
184            <intent-filter>
184-->[androidx.work:work-runtime:2.7.0] AndroidManifest.xml:73:13-76:29
185                <action android:name="android.intent.action.ACTION_POWER_CONNECTED" />
185-->[androidx.work:work-runtime:2.7.0] AndroidManifest.xml:74:17-87
185-->[androidx.work:work-runtime:2.7.0] AndroidManifest.xml:74:25-84
186                <action android:name="android.intent.action.ACTION_POWER_DISCONNECTED" />
186-->[androidx.work:work-runtime:2.7.0] AndroidManifest.xml:75:17-90
186-->[androidx.work:work-runtime:2.7.0] AndroidManifest.xml:75:25-87
187            </intent-filter>
188        </receiver>
189        <receiver
189-->[androidx.work:work-runtime:2.7.0] AndroidManifest.xml:78:9-88:20
190            android:name="androidx.work.impl.background.systemalarm.ConstraintProxy$BatteryNotLowProxy"
190-->[androidx.work:work-runtime:2.7.0] AndroidManifest.xml:79:13-104
191            android:directBootAware="false"
191-->[androidx.work:work-runtime:2.7.0] AndroidManifest.xml:80:13-44
192            android:enabled="false"
192-->[androidx.work:work-runtime:2.7.0] AndroidManifest.xml:81:13-36
193            android:exported="false" >
193-->[androidx.work:work-runtime:2.7.0] AndroidManifest.xml:82:13-37
194            <intent-filter>
194-->[androidx.work:work-runtime:2.7.0] AndroidManifest.xml:84:13-87:29
195                <action android:name="android.intent.action.BATTERY_OKAY" />
195-->[androidx.work:work-runtime:2.7.0] AndroidManifest.xml:85:17-77
195-->[androidx.work:work-runtime:2.7.0] AndroidManifest.xml:85:25-74
196                <action android:name="android.intent.action.BATTERY_LOW" />
196-->[androidx.work:work-runtime:2.7.0] AndroidManifest.xml:86:17-76
196-->[androidx.work:work-runtime:2.7.0] AndroidManifest.xml:86:25-73
197            </intent-filter>
198        </receiver>
199        <receiver
199-->[androidx.work:work-runtime:2.7.0] AndroidManifest.xml:89:9-99:20
200            android:name="androidx.work.impl.background.systemalarm.ConstraintProxy$StorageNotLowProxy"
200-->[androidx.work:work-runtime:2.7.0] AndroidManifest.xml:90:13-104
201            android:directBootAware="false"
201-->[androidx.work:work-runtime:2.7.0] AndroidManifest.xml:91:13-44
202            android:enabled="false"
202-->[androidx.work:work-runtime:2.7.0] AndroidManifest.xml:92:13-36
203            android:exported="false" >
203-->[androidx.work:work-runtime:2.7.0] AndroidManifest.xml:93:13-37
204            <intent-filter>
204-->[androidx.work:work-runtime:2.7.0] AndroidManifest.xml:95:13-98:29
205                <action android:name="android.intent.action.DEVICE_STORAGE_LOW" />
205-->[androidx.work:work-runtime:2.7.0] AndroidManifest.xml:96:17-83
205-->[androidx.work:work-runtime:2.7.0] AndroidManifest.xml:96:25-80
206                <action android:name="android.intent.action.DEVICE_STORAGE_OK" />
206-->[androidx.work:work-runtime:2.7.0] AndroidManifest.xml:97:17-82
206-->[androidx.work:work-runtime:2.7.0] AndroidManifest.xml:97:25-79
207            </intent-filter>
208        </receiver>
209        <receiver
209-->[androidx.work:work-runtime:2.7.0] AndroidManifest.xml:100:9-109:20
210            android:name="androidx.work.impl.background.systemalarm.ConstraintProxy$NetworkStateProxy"
210-->[androidx.work:work-runtime:2.7.0] AndroidManifest.xml:101:13-103
211            android:directBootAware="false"
211-->[androidx.work:work-runtime:2.7.0] AndroidManifest.xml:102:13-44
212            android:enabled="false"
212-->[androidx.work:work-runtime:2.7.0] AndroidManifest.xml:103:13-36
213            android:exported="false" >
213-->[androidx.work:work-runtime:2.7.0] AndroidManifest.xml:104:13-37
214            <intent-filter>
214-->[androidx.work:work-runtime:2.7.0] AndroidManifest.xml:106:13-108:29
215                <action android:name="android.net.conn.CONNECTIVITY_CHANGE" />
215-->[androidx.work:work-runtime:2.7.0] AndroidManifest.xml:107:17-79
215-->[androidx.work:work-runtime:2.7.0] AndroidManifest.xml:107:25-76
216            </intent-filter>
217        </receiver>
218        <receiver
218-->[androidx.work:work-runtime:2.7.0] AndroidManifest.xml:110:9-121:20
219            android:name="androidx.work.impl.background.systemalarm.RescheduleReceiver"
219-->[androidx.work:work-runtime:2.7.0] AndroidManifest.xml:111:13-88
220            android:directBootAware="false"
220-->[androidx.work:work-runtime:2.7.0] AndroidManifest.xml:112:13-44
221            android:enabled="false"
221-->[androidx.work:work-runtime:2.7.0] AndroidManifest.xml:113:13-36
222            android:exported="false" >
222-->[androidx.work:work-runtime:2.7.0] AndroidManifest.xml:114:13-37
223            <intent-filter>
223-->[androidx.work:work-runtime:2.7.0] AndroidManifest.xml:116:13-120:29
224                <action android:name="android.intent.action.BOOT_COMPLETED" />
224-->[androidx.work:work-runtime:2.7.0] AndroidManifest.xml:117:17-79
224-->[androidx.work:work-runtime:2.7.0] AndroidManifest.xml:117:25-76
225                <action android:name="android.intent.action.TIME_SET" />
225-->[androidx.work:work-runtime:2.7.0] AndroidManifest.xml:118:17-73
225-->[androidx.work:work-runtime:2.7.0] AndroidManifest.xml:118:25-70
226                <action android:name="android.intent.action.TIMEZONE_CHANGED" />
226-->[androidx.work:work-runtime:2.7.0] AndroidManifest.xml:119:17-81
226-->[androidx.work:work-runtime:2.7.0] AndroidManifest.xml:119:25-78
227            </intent-filter>
228        </receiver>
229        <receiver
229-->[androidx.work:work-runtime:2.7.0] AndroidManifest.xml:122:9-131:20
230            android:name="androidx.work.impl.background.systemalarm.ConstraintProxyUpdateReceiver"
230-->[androidx.work:work-runtime:2.7.0] AndroidManifest.xml:123:13-99
231            android:directBootAware="false"
231-->[androidx.work:work-runtime:2.7.0] AndroidManifest.xml:124:13-44
232            android:enabled="@bool/enable_system_alarm_service_default"
232-->[androidx.work:work-runtime:2.7.0] AndroidManifest.xml:125:13-72
233            android:exported="false" >
233-->[androidx.work:work-runtime:2.7.0] AndroidManifest.xml:126:13-37
234            <intent-filter>
234-->[androidx.work:work-runtime:2.7.0] AndroidManifest.xml:128:13-130:29
235                <action android:name="androidx.work.impl.background.systemalarm.UpdateProxies" />
235-->[androidx.work:work-runtime:2.7.0] AndroidManifest.xml:129:17-98
235-->[androidx.work:work-runtime:2.7.0] AndroidManifest.xml:129:25-95
236            </intent-filter>
237        </receiver>
238        <receiver
238-->[androidx.work:work-runtime:2.7.0] AndroidManifest.xml:132:9-142:20
239            android:name="androidx.work.impl.diagnostics.DiagnosticsReceiver"
239-->[androidx.work:work-runtime:2.7.0] AndroidManifest.xml:133:13-78
240            android:directBootAware="false"
240-->[androidx.work:work-runtime:2.7.0] AndroidManifest.xml:134:13-44
241            android:enabled="true"
241-->[androidx.work:work-runtime:2.7.0] AndroidManifest.xml:135:13-35
242            android:exported="true"
242-->[androidx.work:work-runtime:2.7.0] AndroidManifest.xml:136:13-36
243            android:permission="android.permission.DUMP" >
243-->[androidx.work:work-runtime:2.7.0] AndroidManifest.xml:137:13-57
244            <intent-filter>
244-->[androidx.work:work-runtime:2.7.0] AndroidManifest.xml:139:13-141:29
245                <action android:name="androidx.work.diagnostics.REQUEST_DIAGNOSTICS" />
245-->[androidx.work:work-runtime:2.7.0] AndroidManifest.xml:140:17-88
245-->[androidx.work:work-runtime:2.7.0] AndroidManifest.xml:140:25-85
246            </intent-filter>
247        </receiver>
248
249        <uses-library
249-->[androidx.privacysandbox.ads:ads-adservices:1.0.0-beta05] AndroidManifest.xml:23:9-25:40
250            android:name="android.ext.adservices"
250-->[androidx.privacysandbox.ads:ads-adservices:1.0.0-beta05] AndroidManifest.xml:24:13-50
251            android:required="false" />
251-->[androidx.privacysandbox.ads:ads-adservices:1.0.0-beta05] AndroidManifest.xml:25:13-37
252
253        <receiver
253-->[androidx.profileinstaller:profileinstaller:1.4.0] AndroidManifest.xml:34:9-52:20
254            android:name="androidx.profileinstaller.ProfileInstallReceiver"
254-->[androidx.profileinstaller:profileinstaller:1.4.0] AndroidManifest.xml:35:13-76
255            android:directBootAware="false"
255-->[androidx.profileinstaller:profileinstaller:1.4.0] AndroidManifest.xml:36:13-44
256            android:enabled="true"
256-->[androidx.profileinstaller:profileinstaller:1.4.0] AndroidManifest.xml:37:13-35
257            android:exported="true"
257-->[androidx.profileinstaller:profileinstaller:1.4.0] AndroidManifest.xml:38:13-36
258            android:permission="android.permission.DUMP" >
258-->[androidx.profileinstaller:profileinstaller:1.4.0] AndroidManifest.xml:39:13-57
259            <intent-filter>
259-->[androidx.profileinstaller:profileinstaller:1.4.0] AndroidManifest.xml:40:13-42:29
260                <action android:name="androidx.profileinstaller.action.INSTALL_PROFILE" />
260-->[androidx.profileinstaller:profileinstaller:1.4.0] AndroidManifest.xml:41:17-91
260-->[androidx.profileinstaller:profileinstaller:1.4.0] AndroidManifest.xml:41:25-88
261            </intent-filter>
262            <intent-filter>
262-->[androidx.profileinstaller:profileinstaller:1.4.0] AndroidManifest.xml:43:13-45:29
263                <action android:name="androidx.profileinstaller.action.SKIP_FILE" />
263-->[androidx.profileinstaller:profileinstaller:1.4.0] AndroidManifest.xml:44:17-85
263-->[androidx.profileinstaller:profileinstaller:1.4.0] AndroidManifest.xml:44:25-82
264            </intent-filter>
265            <intent-filter>
265-->[androidx.profileinstaller:profileinstaller:1.4.0] AndroidManifest.xml:46:13-48:29
266                <action android:name="androidx.profileinstaller.action.SAVE_PROFILE" />
266-->[androidx.profileinstaller:profileinstaller:1.4.0] AndroidManifest.xml:47:17-88
266-->[androidx.profileinstaller:profileinstaller:1.4.0] AndroidManifest.xml:47:25-85
267            </intent-filter>
268            <intent-filter>
268-->[androidx.profileinstaller:profileinstaller:1.4.0] AndroidManifest.xml:49:13-51:29
269                <action android:name="androidx.profileinstaller.action.BENCHMARK_OPERATION" />
269-->[androidx.profileinstaller:profileinstaller:1.4.0] AndroidManifest.xml:50:17-95